[debug] [2020-11-20T18:17:33.306Z] ----------------------------------------------------------------------
[debug] [2020-11-20T18:17:33.307Z] Command:       /usr/local/Cellar/node/14.1.0/bin/node /usr/local/bin/firebase init
[debug] [2020-11-20T18:17:33.308Z] CLI Version:   8.16.2
[debug] [2020-11-20T18:17:33.308Z] Platform:      darwin
[debug] [2020-11-20T18:17:33.308Z] Node Version:  v14.1.0
[debug] [2020-11-20T18:17:33.309Z] Time:          Fri Nov 20 2020 19:17:33 GMT+0100 (heure normale d’Europe centrale)
[debug] [2020-11-20T18:17:33.309Z] ----------------------------------------------------------------------
[debug] [2020-11-20T18:17:33.309Z] 
[debug] [2020-11-20T18:17:33.315Z] > command requires scopes: ["email","openid","https://www.googleapis.com/auth/cloudplatformprojects.readonly","https://www.googleapis.com/auth/firebase","https://www.googleapis.com/auth/cloud-platform"]
[debug] [2020-11-20T18:17:33.316Z] > authorizing via signed-in user
[info] 
     ######## #### ########  ######## ########     ###     ######  ########
     ##        ##  ##     ## ##       ##     ##  ##   ##  ##       ##
     ######    ##  ########  ######   ########  #########  ######  ######
     ##        ##  ##    ##  ##       ##     ## ##     ##       ## ##
     ##       #### ##     ## ######## ########  ##     ##  ######  ########

You're about to initialize a Firebase project in this directory:

  /Users/sofianesidilarbi/Desktop/Projets/cocktail

Before we get started, keep in mind:

  * You are initializing in an existing Firebase project directory

[info] 
=== Project Setup
[info] 
[info] First, let's associate this project directory with a Firebase project.
[info] You can create multiple project aliases by running firebase use --add, 
[info] but for now we'll just set up a default project.
[info] 
[info] i  .firebaserc already has a default project, using sofweb-d460c. 
[debug] [2020-11-20T18:17:38.215Z] >>> HTTP REQUEST GET https://firebase.googleapis.com/v1beta1/projects/sofweb-d460c  
 
[debug] [2020-11-20T18:17:38.591Z] <<< HTTP RESPONSE 200 {"content-type":"application/json; charset=UTF-8","vary":"X-Origin, Referer, Origin,Accept-Encoding","date":"Fri, 20 Nov 2020 18:17:38 GMT","server":"ESF","cache-control":"private","x-xss-protection":"0","x-frame-options":"SAMEORIGIN","x-content-type-options":"nosniff","alt-svc":"h3-29=\":443\"; ma=2592000,h3-T051=\":443\"; ma=2592000,h3-Q050=\":443\"; ma=2592000,h3-Q046=\":443\"; ma=2592000,h3-Q043=\":443\"; ma=2592000,quic=\":443\"; ma=2592000; v=\"46,43\"","accept-ranges":"none","transfer-encoding":"chunked"}
[info] 
=== Hosting Setup
[info] 
[info] Your public directory is the folder (relative to your project directory) that
[info] will contain Hosting assets to be uploaded with firebase deploy. If you
[info] have a build process for your assets, use your build's output directory.
[info] 
